#! /usr/bin/env bash
exec /home/mayito/miniconda3/envs/digital/bin/vvp -f "$0" "$@" <<'# EOF'
:ivl_version "13.0 (devel)" "(0_8-6859-gf50cc35d2-dirty)";
:ivl_delay_selection "TYPICAL";
:vpi_time_precision - 12;
:vpi_module "/home/mayito/miniconda3/envs/digital/lib/ivl/system.vpi";
:vpi_module "/home/mayito/miniconda3/envs/digital/lib/ivl/vhdl_sys.vpi";
:vpi_module "/home/mayito/miniconda3/envs/digital/lib/ivl/vhdl_textio.vpi";
:vpi_module "/home/mayito/miniconda3/envs/digital/lib/ivl/v2005_math.vpi";
:vpi_module "/home/mayito/miniconda3/envs/digital/lib/ivl/va_math.vpi";
S_0x197d1d70 .scope module, "double_TB" "double_TB" 2 3;
 .timescale -9 -12;
v0x1982ef50_0 .var "A", 15 0;
v0x1982f080_0 .net "C", 15 0, v0x19829110_0;  1 drivers
v0x1982f190_0 .var "clk", 0 0;
v0x1982f2c0_0 .net "done", 0 0, v0x1982c250_0;  1 drivers
v0x1982f360_0 .var "init", 0 0;
v0x1982f4a0_0 .var "rst", 0 0;
E_0x197dbe60 .event anyedge, v0x1982c250_0;
S_0x197d3360 .scope module, "dut" "double" 2 18, 3 1 0, S_0x197d1d70;
 .timescale -9 -12;
    .port_info 0 /INPUT 1 "clk";
    .port_info 1 /INPUT 1 "rst";
    .port_info 2 /INPUT 1 "init";
    .port_info 3 /INPUT 16 "A";
    .port_info 4 /OUTPUT 16 "C";
    .port_info 5 /OUTPUT 1 "done";
v0x1982e3c0_0 .net "A", 15 0, v0x1982ef50_0;  1 drivers
v0x1982e4b0_0 .net "C", 15 0, v0x19829110_0;  alias, 1 drivers
v0x1982e580_0 .net "clk", 0 0, v0x1982f190_0;  1 drivers
v0x1982e650_0 .net "done", 0 0, v0x1982c250_0;  alias, 1 drivers
v0x1982e720_0 .net "init", 0 0, v0x1982f360_0;  1 drivers
v0x1982e810_0 .net "rst", 0 0, v0x1982f4a0_0;  1 drivers
v0x1982e8e0_0 .net "w_A_new", 15 0, L_0x19830210;  1 drivers
v0x1982e9b0_0 .net "w_Z", 0 0, v0x1982b3a0_0;  1 drivers
v0x1982eaa0_0 .net "w_bm", 3 0, L_0x1982f900;  1 drivers
v0x1982ebd0_0 .net "w_dec", 0 0, v0x1982c190_0;  1 drivers
v0x1982ec70_0 .net "w_ld", 0 0, v0x1982c390_0;  1 drivers
v0x1982ed10_0 .net "w_ldr2", 0 0, v0x1982c4d0_0;  1 drivers
v0x1982ee00_0 .net "w_sh", 0 0, v0x1982c7b0_0;  1 drivers
L_0x1982f590 .part v0x19829110_0, 12, 4;
L_0x1982f630 .part v0x19829110_0, 8, 4;
L_0x1982f760 .part v0x19829110_0, 4, 4;
L_0x1982f800 .part v0x19829110_0, 0, 4;
L_0x1982f900 .concat8 [ 1 1 1 1], v0x1982ad70_0, v0x19829e60_0, v0x19829720_0, v0x1982a5c0_0;
L_0x1982fa60 .part v0x19829110_0, 12, 4;
L_0x1982fb70 .part L_0x1982f900, 3, 1;
L_0x1982fc10 .part v0x19829110_0, 8, 4;
L_0x1982fd30 .part L_0x1982f900, 2, 1;
L_0x1982fe00 .part v0x19829110_0, 4, 4;
L_0x1982ff30 .part L_0x1982f900, 1, 1;
L_0x19830000 .part v0x19829110_0, 0, 4;
L_0x19830140 .part L_0x1982f900, 0, 1;
L_0x19830210 .concat8 [ 4 4 4 4], v0x1982e190_0, v0x1982d610_0, v0x1982cfb0_0, v0x1982db90_0;
S_0x197fd3d0 .scope module, "A_reg0" "A_reg" 3 24, 4 1 0, S_0x197d3360;
 .timescale -9 -12;
    .port_info 0 /INPUT 1 "clk";
    .port_info 1 /INPUT 16 "X";
    .port_info 2 /INPUT 1 "ldr2";
    .port_info 3 /INPUT 1 "ld";
    .port_info 4 /INPUT 1 "sh";
    .port_info 5 /INPUT 16 "A_new";
    .port_info 6 /OUTPUT 16 "resultado";
v0x197ebf90_0 .var "A", 31 0;
v0x197d6400_0 .net "A_new", 15 0, L_0x19830210;  alias, 1 drivers
v0x19806c30_0 .net "X", 15 0, v0x1982ef50_0;  alias, 1 drivers
v0x19805f90_0 .net "clk", 0 0, v0x1982f190_0;  alias, 1 drivers
v0x19828f40_0 .net "ld", 0 0, v0x1982c390_0;  alias, 1 drivers
v0x19829050_0 .net "ldr2", 0 0, v0x1982c4d0_0;  alias, 1 drivers
v0x19829110_0 .var "resultado", 15 0;
v0x198291f0_0 .net "sh", 0 0, v0x1982c7b0_0;  alias, 1 drivers
E_0x1980d7a0 .event negedge, v0x19805f90_0;
S_0x198293d0 .scope module, "checkc" "check" 3 26, 5 1 0, S_0x197d3360;
 .timescale -9 -12;
    .port_info 0 /INPUT 4 "A";
    .port_info 1 /INPUT 4 "value";
    .port_info 2 /OUTPUT 1 "bm";
v0x19829620_0 .net "A", 3 0, L_0x1982f630;  1 drivers
v0x19829720_0 .var "bm", 0 0;
v0x198297e0_0 .var "diff", 4 0;
v0x198298a0_0 .var "msb", 0 0;
L_0x73c270837060 .functor BUFT 1, C4<0101>, C4<0>, C4<0>, C4<0>;
v0x19829960_0 .net "value", 3 0, L_0x73c270837060;  1 drivers
E_0x197c10f0 .event anyedge, v0x19829620_0, v0x19829960_0, v0x198297e0_0, v0x198298a0_0;
S_0x19829b10 .scope module, "checkd" "check" 3 27, 5 1 0, S_0x197d3360;
 .timescale -9 -12;
    .port_info 0 /INPUT 4 "A";
    .port_info 1 /INPUT 4 "value";
    .port_info 2 /OUTPUT 1 "bm";
v0x19829d60_0 .net "A", 3 0, L_0x1982f760;  1 drivers
v0x19829e60_0 .var "bm", 0 0;
v0x19829f20_0 .var "diff", 4 0;
v0x19829fe0_0 .var "msb", 0 0;
L_0x73c2708370a8 .functor BUFT 1, C4<0101>, C4<0>, C4<0>, C4<0>;
v0x1982a0a0_0 .net "value", 3 0, L_0x73c2708370a8;  1 drivers
E_0x19829cf0 .event anyedge, v0x19829d60_0, v0x1982a0a0_0, v0x19829f20_0, v0x19829fe0_0;
S_0x1982a250 .scope module, "checkm" "check" 3 25, 5 1 0, S_0x197d3360;
 .timescale -9 -12;
    .port_info 0 /INPUT 4 "A";
    .port_info 1 /INPUT 4 "value";
    .port_info 2 /OUTPUT 1 "bm";
v0x1982a4c0_0 .net "A", 3 0, L_0x1982f590;  1 drivers
v0x1982a5c0_0 .var "bm", 0 0;
v0x1982a680_0 .var "diff", 4 0;
v0x1982a740_0 .var "msb", 0 0;
L_0x73c270837018 .functor BUFT 1, C4<0101>, C4<0>, C4<0>, C4<0>;
v0x1982a800_0 .net "value", 3 0, L_0x73c270837018;  1 drivers
E_0x1982a430 .event anyedge, v0x1982a4c0_0, v0x1982a800_0, v0x1982a680_0, v0x1982a740_0;
S_0x1982a9b0 .scope module, "checku" "check" 3 28, 5 1 0, S_0x197d3360;
 .timescale -9 -12;
    .port_info 0 /INPUT 4 "A";
    .port_info 1 /INPUT 4 "value";
    .port_info 2 /OUTPUT 1 "bm";
v0x1982ac70_0 .net "A", 3 0, L_0x1982f800;  1 drivers
v0x1982ad70_0 .var "bm", 0 0;
v0x1982ae30_0 .var "diff", 4 0;
v0x1982aef0_0 .var "msb", 0 0;
L_0x73c2708370f0 .functor BUFT 1, C4<0101>, C4<0>, C4<0>, C4<0>;
v0x1982afb0_0 .net "value", 3 0, L_0x73c2708370f0;  1 drivers
E_0x1982abe0 .event anyedge, v0x1982ac70_0, v0x1982afb0_0, v0x1982ae30_0, v0x1982aef0_0;
S_0x1982b160 .scope module, "contador0" "contador" 3 33, 6 1 0, S_0x197d3360;
 .timescale -9 -12;
    .port_info 0 /INPUT 1 "clk";
    .port_info 1 /INPUT 1 "ld";
    .port_info 2 /INPUT 1 "dec";
    .port_info 3 /OUTPUT 1 "Z";
v0x1982b3a0_0 .var "Z", 0 0;
v0x1982b480_0 .net "clk", 0 0, v0x1982f190_0;  alias, 1 drivers
v0x1982b540_0 .net "dec", 0 0, v0x1982c190_0;  alias, 1 drivers
v0x1982b5e0_0 .net "ld", 0 0, v0x1982c390_0;  alias, 1 drivers
v0x1982b680_0 .var "m", 3 0;
E_0x1982b340 .event posedge, v0x19805f90_0;
S_0x1982b7d0 .scope module, "control0" "control_double" 3 34, 7 1 0, S_0x197d3360;
 .timescale -9 -12;
    .port_info 0 /INPUT 1 "clk";
    .port_info 1 /INPUT 1 "rst";
    .port_info 2 /INPUT 1 "init";
    .port_info 3 /INPUT 4 "msb";
    .port_info 4 /INPUT 1 "z";
    .port_info 5 /OUTPUT 1 "done";
    .port_info 6 /OUTPUT 1 "sh";
    .port_info 7 /OUTPUT 1 "ld";
    .port_info 8 /OUTPUT 1 "ldr2";
    .port_info 9 /OUTPUT 1 "dec";
P_0x1982b9b0 .param/l "CHECK_MSB" 1 7 19, C4<010>;
P_0x1982b9f0 .param/l "DEC_ST" 1 7 21, C4<100>;
P_0x1982ba30 .param/l "END1" 1 7 22, C4<101>;
P_0x1982ba70 .param/l "IDLE" 1 7 17, C4<000>;
P_0x1982bab0 .param/l "SHIFT" 1 7 18, C4<001>;
P_0x1982baf0 .param/l "SUMA" 1 7 20, C4<011>;
v0x1982c080_0 .net "clk", 0 0, v0x1982f190_0;  alias, 1 drivers
v0x1982c190_0 .var "dec", 0 0;
v0x1982c250_0 .var "done", 0 0;
v0x1982c2f0_0 .net "init", 0 0, v0x1982f360_0;  alias, 1 drivers
v0x1982c390_0 .var "ld", 0 0;
v0x1982c4d0_0 .var "ldr2", 0 0;
v0x1982c570_0 .net "msb", 3 0, L_0x1982f900;  alias, 1 drivers
v0x1982c610_0 .var "next_state", 2 0;
v0x1982c6f0_0 .net "rst", 0 0, v0x1982f4a0_0;  alias, 1 drivers
v0x1982c7b0_0 .var "sh", 0 0;
v0x1982c850_0 .var "state", 2 0;
v0x1982c910_0 .var "state_name", 320 1;
v0x1982c9f0_0 .net "z", 0 0, v0x1982b3a0_0;  alias, 1 drivers
E_0x1982bf50 .event anyedge, v0x1982c850_0;
E_0x1982bfb0 .event anyedge, v0x1982c850_0, v0x1982c2f0_0, v0x1982c570_0, v0x1982b3a0_0;
E_0x1982c020 .event posedge, v0x1982c6f0_0, v0x19805f90_0;
S_0x1982cc10 .scope module, "sumc" "sum" 3 30, 8 1 0, S_0x197d3360;
 .timescale -9 -12;
    .port_info 0 /INPUT 4 "A";
    .port_info 1 /INPUT 1 "bm";
    .port_info 2 /OUTPUT 4 "A_new";
v0x1982ceb0_0 .net "A", 3 0, L_0x1982fc10;  1 drivers
v0x1982cfb0_0 .var "A_new", 3 0;
v0x1982d090_0 .net "bm", 0 0, L_0x1982fd30;  1 drivers
E_0x1982ce30 .event anyedge, v0x1982d090_0, v0x1982ceb0_0;
S_0x1982d1b0 .scope module, "sumd" "sum" 3 31, 8 1 0, S_0x197d3360;
 .timescale -9 -12;
    .port_info 0 /INPUT 4 "A";
    .port_info 1 /INPUT 1 "bm";
    .port_info 2 /OUTPUT 4 "A_new";
v0x1982d510_0 .net "A", 3 0, L_0x1982fe00;  1 drivers
v0x1982d610_0 .var "A_new", 3 0;
v0x1982d6f0_0 .net "bm", 0 0, L_0x1982ff30;  1 drivers
E_0x1982d490 .event anyedge, v0x1982d6f0_0, v0x1982d510_0;
S_0x1982d810 .scope module, "summ" "sum" 3 29, 8 1 0, S_0x197d3360;
 .timescale -9 -12;
    .port_info 0 /INPUT 4 "A";
    .port_info 1 /INPUT 1 "bm";
    .port_info 2 /OUTPUT 4 "A_new";
v0x1982da90_0 .net "A", 3 0, L_0x1982fa60;  1 drivers
v0x1982db90_0 .var "A_new", 3 0;
v0x1982dc70_0 .net "bm", 0 0, L_0x1982fb70;  1 drivers
E_0x1982da10 .event anyedge, v0x1982dc70_0, v0x1982da90_0;
S_0x1982ddc0 .scope module, "sumu" "sum" 3 32, 8 1 0, S_0x197d3360;
 .timescale -9 -12;
    .port_info 0 /INPUT 4 "A";
    .port_info 1 /INPUT 1 "bm";
    .port_info 2 /OUTPUT 4 "A_new";
v0x1982e090_0 .net "A", 3 0, L_0x19830000;  1 drivers
v0x1982e190_0 .var "A_new", 3 0;
v0x1982e270_0 .net "bm", 0 0, L_0x19830140;  1 drivers
E_0x1982e010 .event anyedge, v0x1982e270_0, v0x1982e090_0;
    .scope S_0x197fd3d0;
T_0 ;
    %pushi/vec4 0, 0, 32;
    %store/vec4 v0x197ebf90_0, 0, 32;
    %end;
    .thread T_0;
    .scope S_0x197fd3d0;
T_1 ;
    %wait E_0x1980d7a0;
    %load/vec4 v0x19828f40_0;
    %flag_set/vec4 8;
    %jmp/0xz  T_1.0, 8;
    %pushi/vec4 0, 0, 16;
    %load/vec4 v0x19806c30_0;
    %concat/vec4; draw_concat_vec4
    %assign/vec4 v0x197ebf90_0, 0;
    %jmp T_1.1;
T_1.0 ;
    %load/vec4 v0x198291f0_0;
    %flag_set/vec4 8;
    %jmp/0xz  T_1.2, 8;
    %load/vec4 v0x197ebf90_0;
    %parti/s 31, 0, 2;
    %concati/vec4 0, 0, 1;
    %assign/vec4 v0x197ebf90_0, 0;
T_1.2 ;
    %load/vec4 v0x19829050_0;
    %flag_set/vec4 8;
    %jmp/0xz  T_1.4, 8;
    %load/vec4 v0x197d6400_0;
    %parti/s 4, 12, 5;
    %cmpi/ne 0, 0, 4;
    %jmp/0xz  T_1.6, 4;
    %load/vec4 v0x197d6400_0;
    %parti/s 4, 12, 5;
    %ix/load 4, 28, 0;
    %ix/load 5, 0, 0;
    %flag_set/imm 4, 0;
    %assign/vec4/off/d v0x197ebf90_0, 4, 5;
    %jmp T_1.7;
T_1.6 ;
    %load/vec4 v0x197ebf90_0;
    %parti/s 4, 28, 6;
    %ix/load 4, 28, 0;
    %ix/load 5, 0, 0;
    %flag_set/imm 4, 0;
    %assign/vec4/off/d v0x197ebf90_0, 4, 5;
T_1.7 ;
    %load/vec4 v0x197d6400_0;
    %parti/s 4, 8, 5;
    %cmpi/ne 0, 0, 4;
    %jmp/0xz  T_1.8, 4;
    %load/vec4 v0x197d6400_0;
    %parti/s 4, 8, 5;
    %ix/load 4, 24, 0;
    %ix/load 5, 0, 0;
    %flag_set/imm 4, 0;
    %assign/vec4/off/d v0x197ebf90_0, 4, 5;
    %jmp T_1.9;
T_1.8 ;
    %load/vec4 v0x197ebf90_0;
    %parti/s 4, 24, 6;
    %ix/load 4, 24, 0;
    %ix/load 5, 0, 0;
    %flag_set/imm 4, 0;
    %assign/vec4/off/d v0x197ebf90_0, 4, 5;
T_1.9 ;
    %load/vec4 v0x197d6400_0;
    %parti/s 4, 4, 4;
    %cmpi/ne 0, 0, 4;
    %jmp/0xz  T_1.10, 4;
    %load/vec4 v0x197d6400_0;
    %parti/s 4, 4, 4;
    %ix/load 4, 20, 0;
    %ix/load 5, 0, 0;
    %flag_set/imm 4, 0;
    %assign/vec4/off/d v0x197ebf90_0, 4, 5;
    %jmp T_1.11;
T_1.10 ;
    %load/vec4 v0x197ebf90_0;
    %parti/s 4, 20, 6;
    %ix/load 4, 20, 0;
    %ix/load 5, 0, 0;
    %flag_set/imm 4, 0;
    %assign/vec4/off/d v0x197ebf90_0, 4, 5;
T_1.11 ;
    %load/vec4 v0x197d6400_0;
    %parti/s 4, 0, 2;
    %cmpi/ne 0, 0, 4;
    %jmp/0xz  T_1.12, 4;
    %load/vec4 v0x197d6400_0;
    %parti/s 4, 0, 2;
    %ix/load 4, 16, 0;
    %ix/load 5, 0, 0;
    %flag_set/imm 4, 0;
    %assign/vec4/off/d v0x197ebf90_0, 4, 5;
    %jmp T_1.13;
T_1.12 ;
    %load/vec4 v0x197ebf90_0;
    %parti/s 4, 16, 6;
    %ix/load 4, 16, 0;
    %ix/load 5, 0, 0;
    %flag_set/imm 4, 0;
    %assign/vec4/off/d v0x197ebf90_0, 4, 5;
T_1.13 ;
T_1.4 ;
T_1.1 ;
    %load/vec4 v0x197ebf90_0;
    %parti/s 16, 16, 6;
    %assign/vec4 v0x19829110_0, 0;
    %jmp T_1;
    .thread T_1;
    .scope S_0x1982a250;
T_2 ;
    %wait E_0x1982a430;
    %pushi/vec4 0, 0, 1;
    %load/vec4 v0x1982a4c0_0;
    %concat/vec4; draw_concat_vec4
    %pushi/vec4 0, 0, 1;
    %load/vec4 v0x1982a800_0;
    %concat/vec4; draw_concat_vec4
    %sub;
    %store/vec4 v0x1982a680_0, 0, 5;
    %load/vec4 v0x1982a680_0;
    %parti/s 1, 4, 4;
    %store/vec4 v0x1982a740_0, 0, 1;
    %load/vec4 v0x1982a740_0;
    %nor/r;
    %flag_set/vec4 8;
    %jmp/0xz  T_2.0, 8;
    %pushi/vec4 1, 0, 1;
    %store/vec4 v0x1982a5c0_0, 0, 1;
    %jmp T_2.1;
T_2.0 ;
    %pushi/vec4 0, 0, 1;
    %store/vec4 v0x1982a5c0_0, 0, 1;
T_2.1 ;
    %jmp T_2;
    .thread T_2, $push;
    .scope S_0x198293d0;
T_3 ;
    %wait E_0x197c10f0;
    %pushi/vec4 0, 0, 1;
    %load/vec4 v0x19829620_0;
    %concat/vec4; draw_concat_vec4
    %pushi/vec4 0, 0, 1;
    %load/vec4 v0x19829960_0;
    %concat/vec4; draw_concat_vec4
    %sub;
    %store/vec4 v0x198297e0_0, 0, 5;
    %load/vec4 v0x198297e0_0;
    %parti/s 1, 4, 4;
    %store/vec4 v0x198298a0_0, 0, 1;
    %load/vec4 v0x198298a0_0;
    %nor/r;
    %flag_set/vec4 8;
    %jmp/0xz  T_3.0, 8;
    %pushi/vec4 1, 0, 1;
    %store/vec4 v0x19829720_0, 0, 1;
    %jmp T_3.1;
T_3.0 ;
    %pushi/vec4 0, 0, 1;
    %store/vec4 v0x19829720_0, 0, 1;
T_3.1 ;
    %jmp T_3;
    .thread T_3, $push;
    .scope S_0x19829b10;
T_4 ;
    %wait E_0x19829cf0;
    %pushi/vec4 0, 0, 1;
    %load/vec4 v0x19829d60_0;
    %concat/vec4; draw_concat_vec4
    %pushi/vec4 0, 0, 1;
    %load/vec4 v0x1982a0a0_0;
    %concat/vec4; draw_concat_vec4
    %sub;
    %store/vec4 v0x19829f20_0, 0, 5;
    %load/vec4 v0x19829f20_0;
    %parti/s 1, 4, 4;
    %store/vec4 v0x19829fe0_0, 0, 1;
    %load/vec4 v0x19829fe0_0;
    %nor/r;
    %flag_set/vec4 8;
    %jmp/0xz  T_4.0, 8;
    %pushi/vec4 1, 0, 1;
    %store/vec4 v0x19829e60_0, 0, 1;
    %jmp T_4.1;
T_4.0 ;
    %pushi/vec4 0, 0, 1;
    %store/vec4 v0x19829e60_0, 0, 1;
T_4.1 ;
    %jmp T_4;
    .thread T_4, $push;
    .scope S_0x1982a9b0;
T_5 ;
    %wait E_0x1982abe0;
    %pushi/vec4 0, 0, 1;
    %load/vec4 v0x1982ac70_0;
    %concat/vec4; draw_concat_vec4
    %pushi/vec4 0, 0, 1;
    %load/vec4 v0x1982afb0_0;
    %concat/vec4; draw_concat_vec4
    %sub;
    %store/vec4 v0x1982ae30_0, 0, 5;
    %load/vec4 v0x1982ae30_0;
    %parti/s 1, 4, 4;
    %store/vec4 v0x1982aef0_0, 0, 1;
    %load/vec4 v0x1982aef0_0;
    %nor/r;
    %flag_set/vec4 8;
    %jmp/0xz  T_5.0, 8;
    %pushi/vec4 1, 0, 1;
    %store/vec4 v0x1982ad70_0, 0, 1;
    %jmp T_5.1;
T_5.0 ;
    %pushi/vec4 0, 0, 1;
    %store/vec4 v0x1982ad70_0, 0, 1;
T_5.1 ;
    %jmp T_5;
    .thread T_5, $push;
    .scope S_0x1982d810;
T_6 ;
    %wait E_0x1982da10;
    %load/vec4 v0x1982dc70_0;
    %flag_set/vec4 8;
    %jmp/0xz  T_6.0, 8;
    %load/vec4 v0x1982da90_0;
    %addi 3, 0, 4;
    %assign/vec4 v0x1982db90_0, 0;
    %jmp T_6.1;
T_6.0 ;
    %pushi/vec4 0, 0, 4;
    %assign/vec4 v0x1982db90_0, 0;
T_6.1 ;
    %jmp T_6;
    .thread T_6, $push;
    .scope S_0x1982cc10;
T_7 ;
    %wait E_0x1982ce30;
    %load/vec4 v0x1982d090_0;
    %flag_set/vec4 8;
    %jmp/0xz  T_7.0, 8;
    %load/vec4 v0x1982ceb0_0;
    %addi 3, 0, 4;
    %assign/vec4 v0x1982cfb0_0, 0;
    %jmp T_7.1;
T_7.0 ;
    %pushi/vec4 0, 0, 4;
    %assign/vec4 v0x1982cfb0_0, 0;
T_7.1 ;
    %jmp T_7;
    .thread T_7, $push;
    .scope S_0x1982d1b0;
T_8 ;
    %wait E_0x1982d490;
    %load/vec4 v0x1982d6f0_0;
    %flag_set/vec4 8;
    %jmp/0xz  T_8.0, 8;
    %load/vec4 v0x1982d510_0;
    %addi 3, 0, 4;
    %assign/vec4 v0x1982d610_0, 0;
    %jmp T_8.1;
T_8.0 ;
    %pushi/vec4 0, 0, 4;
    %assign/vec4 v0x1982d610_0, 0;
T_8.1 ;
    %jmp T_8;
    .thread T_8, $push;
    .scope S_0x1982ddc0;
T_9 ;
    %wait E_0x1982e010;
    %load/vec4 v0x1982e270_0;
    %flag_set/vec4 8;
    %jmp/0xz  T_9.0, 8;
    %load/vec4 v0x1982e090_0;
    %addi 3, 0, 4;
    %assign/vec4 v0x1982e190_0, 0;
    %jmp T_9.1;
T_9.0 ;
    %pushi/vec4 0, 0, 4;
    %assign/vec4 v0x1982e190_0, 0;
T_9.1 ;
    %jmp T_9;
    .thread T_9, $push;
    .scope S_0x1982b160;
T_10 ;
    %wait E_0x1982b340;
    %load/vec4 v0x1982b5e0_0;
    %flag_set/vec4 8;
    %jmp/0xz  T_10.0, 8;
    %pushi/vec4 15, 0, 4;
    %assign/vec4 v0x1982b680_0, 0;
    %pushi/vec4 1, 0, 1;
    %assign/vec4 v0x1982b3a0_0, 0;
    %jmp T_10.1;
T_10.0 ;
    %load/vec4 v0x1982b540_0;
    %flag_set/vec4 9;
    %flag_get/vec4 9;
    %jmp/0 T_10.4, 9;
    %pushi/vec4 0, 0, 32;
    %load/vec4 v0x1982b680_0;
    %pad/u 32;
    %cmp/u;
    %flag_get/vec4 5;
    %and;
T_10.4;
    %flag_set/vec4 8;
    %jmp/0xz  T_10.2, 8;
    %load/vec4 v0x1982b680_0;
    %subi 1, 0, 4;
    %assign/vec4 v0x1982b680_0, 0;
    %pushi/vec4 1, 0, 1;
    %assign/vec4 v0x1982b3a0_0, 0;
    %jmp T_10.3;
T_10.2 ;
    %load/vec4 v0x1982b680_0;
    %pad/u 32;
    %cmpi/e 0, 0, 32;
    %jmp/0xz  T_10.5, 4;
    %pushi/vec4 0, 0, 1;
    %assign/vec4 v0x1982b3a0_0, 0;
T_10.5 ;
T_10.3 ;
T_10.1 ;
    %jmp T_10;
    .thread T_10;
    .scope S_0x1982b7d0;
T_11 ;
    %wait E_0x1982c020;
    %load/vec4 v0x1982c6f0_0;
    %flag_set/vec4 8;
    %jmp/0xz  T_11.0, 8;
    %pushi/vec4 0, 0, 3;
    %assign/vec4 v0x1982c850_0, 0;
    %jmp T_11.1;
T_11.0 ;
    %load/vec4 v0x1982c610_0;
    %assign/vec4 v0x1982c850_0, 0;
T_11.1 ;
    %jmp T_11;
    .thread T_11;
    .scope S_0x1982b7d0;
T_12 ;
    %wait E_0x1982bfb0;
    %load/vec4 v0x1982c850_0;
    %store/vec4 v0x1982c610_0, 0, 3;
    %load/vec4 v0x1982c850_0;
    %dup/vec4;
    %pushi/vec4 0, 0, 3;
    %cmp/u;
    %jmp/1 T_12.0, 6;
    %dup/vec4;
    %pushi/vec4 1, 0, 3;
    %cmp/u;
    %jmp/1 T_12.1, 6;
    %dup/vec4;
    %pushi/vec4 2, 0, 3;
    %cmp/u;
    %jmp/1 T_12.2, 6;
    %dup/vec4;
    %pushi/vec4 3, 0, 3;
    %cmp/u;
    %jmp/1 T_12.3, 6;
    %dup/vec4;
    %pushi/vec4 4, 0, 3;
    %cmp/u;
    %jmp/1 T_12.4, 6;
    %dup/vec4;
    %pushi/vec4 5, 0, 3;
    %cmp/u;
    %jmp/1 T_12.5, 6;
    %pushi/vec4 0, 0, 3;
    %store/vec4 v0x1982c610_0, 0, 3;
    %jmp T_12.7;
T_12.0 ;
    %load/vec4 v0x1982c2f0_0;
    %flag_set/vec4 8;
    %jmp/0xz  T_12.8, 8;
    %pushi/vec4 1, 0, 3;
    %store/vec4 v0x1982c610_0, 0, 3;
T_12.8 ;
    %jmp T_12.7;
T_12.1 ;
    %pushi/vec4 2, 0, 3;
    %store/vec4 v0x1982c610_0, 0, 3;
    %jmp T_12.7;
T_12.2 ;
    %load/vec4 v0x1982c570_0;
    %pad/u 32;
    %cmpi/ne 0, 0, 32;
    %flag_get/vec4 4;
    %jmp/0 T_12.12, 4;
    %load/vec4 v0x1982c9f0_0;
    %and;
T_12.12;
    %flag_set/vec4 8;
    %jmp/0xz  T_12.10, 8;
    %pushi/vec4 3, 0, 3;
    %store/vec4 v0x1982c610_0, 0, 3;
    %jmp T_12.11;
T_12.10 ;
    %load/vec4 v0x1982c9f0_0;
    %flag_set/vec4 8;
    %jmp/0xz  T_12.13, 8;
    %pushi/vec4 4, 0, 3;
    %store/vec4 v0x1982c610_0, 0, 3;
    %jmp T_12.14;
T_12.13 ;
    %pushi/vec4 5, 0, 3;
    %store/vec4 v0x1982c610_0, 0, 3;
T_12.14 ;
T_12.11 ;
    %jmp T_12.7;
T_12.3 ;
    %pushi/vec4 4, 0, 3;
    %store/vec4 v0x1982c610_0, 0, 3;
    %jmp T_12.7;
T_12.4 ;
    %load/vec4 v0x1982c9f0_0;
    %nor/r;
    %flag_set/vec4 8;
    %jmp/0xz  T_12.15, 8;
    %pushi/vec4 5, 0, 3;
    %store/vec4 v0x1982c610_0, 0, 3;
    %jmp T_12.16;
T_12.15 ;
    %pushi/vec4 1, 0, 3;
    %store/vec4 v0x1982c610_0, 0, 3;
T_12.16 ;
    %jmp T_12.7;
T_12.5 ;
    %pushi/vec4 0, 0, 3;
    %store/vec4 v0x1982c610_0, 0, 3;
    %jmp T_12.7;
T_12.7 ;
    %pop/vec4 1;
    %jmp T_12;
    .thread T_12, $push;
    .scope S_0x1982b7d0;
T_13 ;
    %wait E_0x1982bf50;
    %pushi/vec4 0, 0, 1;
    %store/vec4 v0x1982c250_0, 0, 1;
    %pushi/vec4 0, 0, 1;
    %store/vec4 v0x1982c7b0_0, 0, 1;
    %pushi/vec4 0, 0, 1;
    %store/vec4 v0x1982c390_0, 0, 1;
    %pushi/vec4 0, 0, 1;
    %store/vec4 v0x1982c4d0_0, 0, 1;
    %pushi/vec4 0, 0, 1;
    %store/vec4 v0x1982c190_0, 0, 1;
    %load/vec4 v0x1982c850_0;
    %dup/vec4;
    %pushi/vec4 0, 0, 3;
    %cmp/u;
    %jmp/1 T_13.0, 6;
    %dup/vec4;
    %pushi/vec4 1, 0, 3;
    %cmp/u;
    %jmp/1 T_13.1, 6;
    %dup/vec4;
    %pushi/vec4 2, 0, 3;
    %cmp/u;
    %jmp/1 T_13.2, 6;
    %dup/vec4;
    %pushi/vec4 3, 0, 3;
    %cmp/u;
    %jmp/1 T_13.3, 6;
    %dup/vec4;
    %pushi/vec4 4, 0, 3;
    %cmp/u;
    %jmp/1 T_13.4, 6;
    %dup/vec4;
    %pushi/vec4 5, 0, 3;
    %cmp/u;
    %jmp/1 T_13.5, 6;
    %jmp T_13.6;
T_13.0 ;
    %pushi/vec4 1, 0, 1;
    %store/vec4 v0x1982c390_0, 0, 1;
    %jmp T_13.6;
T_13.1 ;
    %pushi/vec4 1, 0, 1;
    %store/vec4 v0x1982c7b0_0, 0, 1;
    %jmp T_13.6;
T_13.2 ;
    %jmp T_13.6;
T_13.3 ;
    %pushi/vec4 1, 0, 1;
    %store/vec4 v0x1982c4d0_0, 0, 1;
    %jmp T_13.6;
T_13.4 ;
    %pushi/vec4 1, 0, 1;
    %store/vec4 v0x1982c190_0, 0, 1;
    %jmp T_13.6;
T_13.5 ;
    %pushi/vec4 1, 0, 1;
    %store/vec4 v0x1982c250_0, 0, 1;
    %jmp T_13.6;
T_13.6 ;
    %pop/vec4 1;
    %jmp T_13;
    .thread T_13, $push;
    .scope S_0x1982b7d0;
T_14 ;
    %wait E_0x1982bf50;
    %load/vec4 v0x1982c850_0;
    %dup/vec4;
    %pushi/vec4 0, 0, 3;
    %cmp/u;
    %jmp/1 T_14.0, 6;
    %dup/vec4;
    %pushi/vec4 1, 0, 3;
    %cmp/u;
    %jmp/1 T_14.1, 6;
    %dup/vec4;
    %pushi/vec4 2, 0, 3;
    %cmp/u;
    %jmp/1 T_14.2, 6;
    %dup/vec4;
    %pushi/vec4 3, 0, 3;
    %cmp/u;
    %jmp/1 T_14.3, 6;
    %dup/vec4;
    %pushi/vec4 4, 0, 3;
    %cmp/u;
    %jmp/1 T_14.4, 6;
    %dup/vec4;
    %pushi/vec4 5, 0, 3;
    %cmp/u;
    %jmp/1 T_14.5, 6;
    %pushi/vec4 0, 0, 32; draw_string_vec4
    %pushi/vec4 0, 0, 32; draw_string_vec4
    %concat/vec4; draw_string_vec4
    %pushi/vec4 0, 0, 32; draw_string_vec4
    %concat/vec4; draw_string_vec4
    %pushi/vec4 0, 0, 32; draw_string_vec4
    %concat/vec4; draw_string_vec4
    %pushi/vec4 0, 0, 32; draw_string_vec4
    %concat/vec4; draw_string_vec4
    %pushi/vec4 0, 0, 32; draw_string_vec4
    %concat/vec4; draw_string_vec4
    %pushi/vec4 0, 0, 32; draw_string_vec4
    %concat/vec4; draw_string_vec4
    %pushi/vec4 0, 0, 32; draw_string_vec4
    %concat/vec4; draw_string_vec4
    %pushi/vec4 5590603, 0, 32; draw_string_vec4
    %concat/vec4; draw_string_vec4
    %pushi/vec4 1313822542, 0, 32; draw_string_vec4
    %concat/vec4; draw_string_vec4
    %store/vec4 v0x1982c910_0, 0, 320;
    %jmp T_14.7;
T_14.0 ;
    %pushi/vec4 0, 0, 32; draw_string_vec4
    %pushi/vec4 0, 0, 32; draw_string_vec4
    %concat/vec4; draw_string_vec4
    %pushi/vec4 0, 0, 32; draw_string_vec4
    %concat/vec4; draw_string_vec4
    %pushi/vec4 0, 0, 32; draw_string_vec4
    %concat/vec4; draw_string_vec4
    %pushi/vec4 0, 0, 32; draw_string_vec4
    %concat/vec4; draw_string_vec4
    %pushi/vec4 0, 0, 32; draw_string_vec4
    %concat/vec4; draw_string_vec4
    %pushi/vec4 0, 0, 32; draw_string_vec4
    %concat/vec4; draw_string_vec4
    %pushi/vec4 0, 0, 32; draw_string_vec4
    %concat/vec4; draw_string_vec4
    %pushi/vec4 0, 0, 32; draw_string_vec4
    %concat/vec4; draw_string_vec4
    %pushi/vec4 1229212741, 0, 32; draw_string_vec4
    %concat/vec4; draw_string_vec4
    %store/vec4 v0x1982c910_0, 0, 320;
    %jmp T_14.7;
T_14.1 ;
    %pushi/vec4 0, 0, 32; draw_string_vec4
    %pushi/vec4 0, 0, 32; draw_string_vec4
    %concat/vec4; draw_string_vec4
    %pushi/vec4 0, 0, 32; draw_string_vec4
    %concat/vec4; draw_string_vec4
    %pushi/vec4 0, 0, 32; draw_string_vec4
    %concat/vec4; draw_string_vec4
    %pushi/vec4 0, 0, 32; draw_string_vec4
    %concat/vec4; draw_string_vec4
    %pushi/vec4 0, 0, 32; draw_string_vec4
    %concat/vec4; draw_string_vec4
    %pushi/vec4 0, 0, 32; draw_string_vec4
    %concat/vec4; draw_string_vec4
    %pushi/vec4 0, 0, 32; draw_string_vec4
    %concat/vec4; draw_string_vec4
    %pushi/vec4 83, 0, 32; draw_string_vec4
    %concat/vec4; draw_string_vec4
    %pushi/vec4 1212761684, 0, 32; draw_string_vec4
    %concat/vec4; draw_string_vec4
    %store/vec4 v0x1982c910_0, 0, 320;
    %jmp T_14.7;
T_14.2 ;
    %pushi/vec4 0, 0, 32; draw_string_vec4
    %pushi/vec4 0, 0, 32; draw_string_vec4
    %concat/vec4; draw_string_vec4
    %pushi/vec4 0, 0, 32; draw_string_vec4
    %concat/vec4; draw_string_vec4
    %pushi/vec4 0, 0, 32; draw_string_vec4
    %concat/vec4; draw_string_vec4
    %pushi/vec4 0, 0, 32; draw_string_vec4
    %concat/vec4; draw_string_vec4
    %pushi/vec4 0, 0, 32; draw_string_vec4
    %concat/vec4; draw_string_vec4
    %pushi/vec4 0, 0, 32; draw_string_vec4
    %concat/vec4; draw_string_vec4
    %pushi/vec4 67, 0, 32; draw_string_vec4
    %concat/vec4; draw_string_vec4
    %pushi/vec4 1212498763, 0, 32; draw_string_vec4
    %concat/vec4; draw_string_vec4
    %pushi/vec4 1598903106, 0, 32; draw_string_vec4
    %concat/vec4; draw_string_vec4
    %store/vec4 v0x1982c910_0, 0, 320;
    %jmp T_14.7;
T_14.3 ;
    %pushi/vec4 0, 0, 32; draw_string_vec4
    %pushi/vec4 0, 0, 32; draw_string_vec4
    %concat/vec4; draw_string_vec4
    %pushi/vec4 0, 0, 32; draw_string_vec4
    %concat/vec4; draw_string_vec4
    %pushi/vec4 0, 0, 32; draw_string_vec4
    %concat/vec4; draw_string_vec4
    %pushi/vec4 0, 0, 32; draw_string_vec4
    %concat/vec4; draw_string_vec4
    %pushi/vec4 0, 0, 32; draw_string_vec4
    %concat/vec4; draw_string_vec4
    %pushi/vec4 0, 0, 32; draw_string_vec4
    %concat/vec4; draw_string_vec4
    %pushi/vec4 0, 0, 32; draw_string_vec4
    %concat/vec4; draw_string_vec4
    %pushi/vec4 0, 0, 32; draw_string_vec4
    %concat/vec4; draw_string_vec4
    %pushi/vec4 1398099265, 0, 32; draw_string_vec4
    %concat/vec4; draw_string_vec4
    %store/vec4 v0x1982c910_0, 0, 320;
    %jmp T_14.7;
T_14.4 ;
    %pushi/vec4 0, 0, 32; draw_string_vec4
    %pushi/vec4 0, 0, 32; draw_string_vec4
    %concat/vec4; draw_string_vec4
    %pushi/vec4 0, 0, 32; draw_string_vec4
    %concat/vec4; draw_string_vec4
    %pushi/vec4 0, 0, 32; draw_string_vec4
    %concat/vec4; draw_string_vec4
    %pushi/vec4 0, 0, 32; draw_string_vec4
    %concat/vec4; draw_string_vec4
    %pushi/vec4 0, 0, 32; draw_string_vec4
    %concat/vec4; draw_string_vec4
    %pushi/vec4 0, 0, 32; draw_string_vec4
    %concat/vec4; draw_string_vec4
    %pushi/vec4 0, 0, 32; draw_string_vec4
    %concat/vec4; draw_string_vec4
    %pushi/vec4 17477, 0, 32; draw_string_vec4
    %concat/vec4; draw_string_vec4
    %pushi/vec4 1130320724, 0, 32; draw_string_vec4
    %concat/vec4; draw_string_vec4
    %store/vec4 v0x1982c910_0, 0, 320;
    %jmp T_14.7;
T_14.5 ;
    %pushi/vec4 0, 0, 32; draw_string_vec4
    %pushi/vec4 0, 0, 32; draw_string_vec4
    %concat/vec4; draw_string_vec4
    %pushi/vec4 0, 0, 32; draw_string_vec4
    %concat/vec4; draw_string_vec4
    %pushi/vec4 0, 0, 32; draw_string_vec4
    %concat/vec4; draw_string_vec4
    %pushi/vec4 0, 0, 32; draw_string_vec4
    %concat/vec4; draw_string_vec4
    %pushi/vec4 0, 0, 32; draw_string_vec4
    %concat/vec4; draw_string_vec4
    %pushi/vec4 0, 0, 32; draw_string_vec4
    %concat/vec4; draw_string_vec4
    %pushi/vec4 0, 0, 32; draw_string_vec4
    %concat/vec4; draw_string_vec4
    %pushi/vec4 0, 0, 32; draw_string_vec4
    %concat/vec4; draw_string_vec4
    %pushi/vec4 1162757169, 0, 32; draw_string_vec4
    %concat/vec4; draw_string_vec4
    %store/vec4 v0x1982c910_0, 0, 320;
    %jmp T_14.7;
T_14.7 ;
    %pop/vec4 1;
    %jmp T_14;
    .thread T_14, $push;
    .scope S_0x197d1d70;
T_15 ;
    %pushi/vec4 0, 0, 1;
    %store/vec4 v0x1982f190_0, 0, 1;
T_15.0 ;
    %delay 5000, 0;
    %load/vec4 v0x1982f190_0;
    %inv;
    %store/vec4 v0x1982f190_0, 0, 1;
    %jmp T_15.0;
T_15.1 ;
    %end;
    .thread T_15;
    .scope S_0x197d1d70;
T_16 ;
    %vpi_call 2 40 "$dumpfile", "double_TB.vcd" {0 0 0};
    %vpi_call 2 41 "$dumpvars", 32'sb00000000000000000000000000000000, S_0x197d1d70 {0 0 0};
    %pushi/vec4 1, 0, 1;
    %store/vec4 v0x1982f4a0_0, 0, 1;
    %pushi/vec4 0, 0, 1;
    %store/vec4 v0x1982f360_0, 0, 1;
    %pushi/vec4 0, 0, 16;
    %store/vec4 v0x1982ef50_0, 0, 16;
    %delay 20000, 0;
    %pushi/vec4 0, 0, 1;
    %store/vec4 v0x1982f4a0_0, 0, 1;
    %pushi/vec4 15, 0, 16;
    %store/vec4 v0x1982ef50_0, 0, 16;
    %delay 10000, 0;
    %pushi/vec4 1, 0, 1;
    %store/vec4 v0x1982f360_0, 0, 1;
    %delay 10000, 0;
    %pushi/vec4 0, 0, 1;
    %store/vec4 v0x1982f360_0, 0, 1;
T_16.0 ;
    %load/vec4 v0x1982f2c0_0;
    %cmpi/ne 1, 0, 1;
    %jmp/0xz T_16.1, 6;
    %wait E_0x197dbe60;
    %jmp T_16.0;
T_16.1 ;
    %delay 10000, 0;
    %vpi_call 2 61 "$display", "Tiempo=%0t | A=0x%h | C=0x%h | done=%b", $time, v0x1982ef50_0, v0x1982f080_0, v0x1982f2c0_0 {0 0 0};
    %pushi/vec4 39, 0, 16;
    %store/vec4 v0x1982ef50_0, 0, 16;
    %delay 10000, 0;
    %pushi/vec4 1, 0, 1;
    %store/vec4 v0x1982f360_0, 0, 1;
    %delay 10000, 0;
    %pushi/vec4 0, 0, 1;
    %store/vec4 v0x1982f360_0, 0, 1;
T_16.2 ;
    %load/vec4 v0x1982f2c0_0;
    %cmpi/ne 1, 0, 1;
    %jmp/0xz T_16.3, 6;
    %wait E_0x197dbe60;
    %jmp T_16.2;
T_16.3 ;
    %delay 10000, 0;
    %vpi_call 2 72 "$display", "Tiempo=%0t | A=0x%h | C=0x%h | done=%b", $time, v0x1982ef50_0, v0x1982f080_0, v0x1982f2c0_0 {0 0 0};
    %delay 50000, 0;
    %vpi_call 2 76 "$finish" {0 0 0};
    %end;
    .thread T_16;
    .scope S_0x197d1d70;
T_17 ;
    %vpi_call 2 83 "$monitor", "T=%0t | clk=%b | rst=%b | init=%b | A=0x%h | C=0x%h | done=%b", $time, v0x1982f190_0, v0x1982f4a0_0, v0x1982f360_0, v0x1982ef50_0, v0x1982f080_0, v0x1982f2c0_0 {0 0 0};
    %end;
    .thread T_17;
# The file index is used to find the file name in the following table.
:file_names 9;
    "N/A";
    "<interactive>";
    "double_TB.v";
    "double.v";
    "A_reg.v";
    "check.v";
    "contador.v";
    "control_double.v";
    "sum.v";
# EOF
